  [1m[35m (2.0ms)[0m  [1m[35mCREATE TABLE "schema_migrations" ("version" varchar NOT NULL PRIMARY KEY)[0m
  [1m[35m (1.6ms)[0m  [1m[35mCREATE TABLE "ar_internal_metadata" ("key" varchar NOT NULL PRIMARY KEY, "value" varchar, "created_at" datetime(6) NOT NULL, "updated_at" datetime(6) NOT NULL)[0m
  [1m[36mActiveRecord::SchemaMigration Pluck (0.2ms)[0m  [1m[34mSELECT "schema_migrations"."version" FROM "schema_migrations" ORDER BY "schema_migrations"."version" ASC[0m
Migrating to DeviseCreateUsers (20230516222825)
  [1m[36mTRANSACTION (0.1ms)[0m  [1m[36mbegin transaction[0m
  [1m[35m (1.0ms)[0m  [1m[35mCREATE TABLE "users" ("id" integer PRIMARY KEY AUTOINCREMENT NOT NULL, "email" varchar DEFAULT '' NOT NULL, "encrypted_password" varchar DEFAULT '' NOT NULL, "reset_password_token" varchar, "reset_password_sent_at" datetime(6), "remember_created_at" datetime(6), "created_at" datetime(6) NOT NULL, "updated_at" datetime(6) NOT NULL)[0m
  [1m[35m (0.3ms)[0m  [1m[35mCREATE UNIQUE INDEX "index_users_on_email" ON "users" ("email")[0m
  [1m[35m (0.3ms)[0m  [1m[35mCREATE UNIQUE INDEX "index_users_on_reset_password_token" ON "users" ("reset_password_token")[0m
  [1m[36mActiveRecord::SchemaMigration Create (0.3ms)[0m  [1m[32mINSERT INTO "schema_migrations" ("version") VALUES (?)[0m  [["version", "20230516222825"]]
  [1m[36mTRANSACTION (1.3ms)[0m  [1m[36mcommit transaction[0m
  [1m[36mActiveRecord::InternalMetadata Load (0.3ms)[0m  [1m[34mSELECT "ar_internal_metadata".* FROM "ar_internal_metadata" WHERE "ar_internal_metadata"."key" = ? LIMIT ?[0m  [["key", "environment"], ["LIMIT", 1]]
  [1m[36mTRANSACTION (0.1ms)[0m  [1m[36mbegin transaction[0m
  [1m[36mActiveRecord::InternalMetadata Create (0.5ms)[0m  [1m[32mINSERT INTO "ar_internal_metadata" ("key", "value", "created_at", "updated_at") VALUES (?, ?, ?, ?)[0m  [["key", "environment"], ["value", "development"], ["created_at", "2023-05-16 22:30:09.502025"], ["updated_at", "2023-05-16 22:30:09.502025"]]
  [1m[36mTRANSACTION (0.9ms)[0m  [1m[36mcommit transaction[0m
  [1m[36mActiveRecord::SchemaMigration Pluck (0.2ms)[0m  [1m[34mSELECT "schema_migrations"."version" FROM "schema_migrations" ORDER BY "schema_migrations"."version" ASC[0m
  [1m[36mActiveRecord::SchemaMigration Pluck (0.7ms)[0m  [1m[34mSELECT "schema_migrations"."version" FROM "schema_migrations" ORDER BY "schema_migrations"."version" ASC[0m
Migrating to CreateEvents (20230516224009)
  [1m[36mTRANSACTION (0.1ms)[0m  [1m[36mbegin transaction[0m
  [1m[35m (2.3ms)[0m  [1m[35mCREATE TABLE "events" ("id" integer PRIMARY KEY AUTOINCREMENT NOT NULL, "start_date" datetime(6), "duration" integer, "title" varchar, "description" text, "price" integer, "location" varchar, "created_at" datetime(6) NOT NULL, "updated_at" datetime(6) NOT NULL)[0m
  [1m[36mActiveRecord::SchemaMigration Create (1.3ms)[0m  [1m[32mINSERT INTO "schema_migrations" ("version") VALUES (?)[0m  [["version", "20230516224009"]]
  [1m[36mTRANSACTION (1.9ms)[0m  [1m[36mcommit transaction[0m
Migrating to CreateAttendances (20230516224026)
  [1m[36mTRANSACTION (0.1ms)[0m  [1m[36mbegin transaction[0m
  [1m[35m (0.6ms)[0m  [1m[35mCREATE TABLE "attendances" ("id" integer PRIMARY KEY AUTOINCREMENT NOT NULL, "stripe_customer_id" varchar, "created_at" datetime(6) NOT NULL, "updated_at" datetime(6) NOT NULL)[0m
  [1m[36mActiveRecord::SchemaMigration Create (0.7ms)[0m  [1m[32mINSERT INTO "schema_migrations" ("version") VALUES (?)[0m  [["version", "20230516224026"]]
  [1m[36mTRANSACTION (2.9ms)[0m  [1m[36mcommit transaction[0m
  [1m[36mActiveRecord::InternalMetadata Load (0.9ms)[0m  [1m[34mSELECT "ar_internal_metadata".* FROM "ar_internal_metadata" WHERE "ar_internal_metadata"."key" = ? LIMIT ?[0m  [["key", "environment"], ["LIMIT", 1]]
  [1m[36mActiveRecord::SchemaMigration Pluck (0.1ms)[0m  [1m[34mSELECT "schema_migrations"."version" FROM "schema_migrations" ORDER BY "schema_migrations"."version" ASC[0m
Started GET "/" for 127.0.0.1 at 2023-05-17 00:41:59 +0200
  [1m[36mActiveRecord::SchemaMigration Pluck (0.4ms)[0m  [1m[34mSELECT "schema_migrations"."version" FROM "schema_migrations" ORDER BY "schema_migrations"."version" ASC[0m
Processing by PagesController#home as HTML
  Rendering layout layouts/application.html.erb
  Rendering pages/home.html.erb within layouts/application
  Rendered pages/home.html.erb within layouts/application (Duration: 19.5ms | Allocations: 4862)
  Rendered layout layouts/application.html.erb (Duration: 783.5ms | Allocations: 102359)
Completed 200 OK in 820ms (Views: 796.3ms | ActiveRecord: 0.0ms | Allocations: 109072)


Started GET "/users/sign_in" for 127.0.0.1 at 2023-05-17 00:42:04 +0200
Processing by Devise::SessionsController#new as HTML
  Rendering layout layouts/application.html.erb
  Rendering /Users/samuel/.rvm/gems/ruby-3.0.0/bundler/gems/devise-4b72064bfcf0/app/views/devise/sessions/new.html.erb within layouts/application
  Rendered /Users/samuel/.rvm/gems/ruby-3.0.0/bundler/gems/devise-4b72064bfcf0/app/views/devise/shared/_links.html.erb (Duration: 3.1ms | Allocations: 936)
  Rendered /Users/samuel/.rvm/gems/ruby-3.0.0/bundler/gems/devise-4b72064bfcf0/app/views/devise/sessions/new.html.erb within layouts/application (Duration: 53.7ms | Allocations: 9807)
  Rendered layout layouts/application.html.erb (Duration: 57.4ms | Allocations: 12084)
Completed 200 OK in 86ms (Views: 61.9ms | ActiveRecord: 0.8ms | Allocations: 31746)


Started GET "/users/sign_up" for 127.0.0.1 at 2023-05-17 00:42:13 +0200
Processing by Devise::RegistrationsController#new as HTML
  Rendering layout layouts/application.html.erb
  Rendering /Users/samuel/.rvm/gems/ruby-3.0.0/bundler/gems/devise-4b72064bfcf0/app/views/devise/registrations/new.html.erb within layouts/application
  Rendered /Users/samuel/.rvm/gems/ruby-3.0.0/bundler/gems/devise-4b72064bfcf0/app/views/devise/shared/_error_messages.html.erb (Duration: 5.0ms | Allocations: 256)
  Rendered /Users/samuel/.rvm/gems/ruby-3.0.0/bundler/gems/devise-4b72064bfcf0/app/views/devise/shared/_links.html.erb (Duration: 2.6ms | Allocations: 250)
  Rendered /Users/samuel/.rvm/gems/ruby-3.0.0/bundler/gems/devise-4b72064bfcf0/app/views/devise/registrations/new.html.erb within layouts/application (Duration: 65.3ms | Allocations: 2334)
  Rendered layout layouts/application.html.erb (Duration: 75.1ms | Allocations: 4625)
Completed 200 OK in 101ms (Views: 89.6ms | ActiveRecord: 0.0ms | Allocations: 5949)


Started POST "/users" for 127.0.0.1 at 2023-05-17 00:42:25 +0200
Processing by Devise::RegistrationsController#create as TURBO_STREAM
  Parameters: {"authenticity_token"=>"[FILTERED]", "user"=>{"email"=>"samuel@yopmail.com", "password"=>"[FILTERED]", "password_confirmation"=>"[FILTERED]"}, "commit"=>"Sign up"}
  [1m[36mTRANSACTION (0.1ms)[0m  [1m[36mbegin transaction[0m
  [1m[36mUser Exists? (0.7ms)[0m  [1m[34mSELECT 1 AS one FROM "users" WHERE "users"."email" = ? LIMIT ?[0m  [["email", "samuel@yopmail.com"], ["LIMIT", 1]]
  [1m[36mUser Create (2.3ms)[0m  [1m[32mINSERT INTO "users" ("email", "encrypted_password", "reset_password_token", "reset_password_sent_at", "remember_created_at", "created_at", "updated_at") VALUES (?, ?, ?, ?, ?, ?, ?)[0m  [["email", "samuel@yopmail.com"], ["encrypted_password", "[FILTERED]"], ["reset_password_token", "[FILTERED]"], ["reset_password_sent_at", "[FILTERED]"], ["remember_created_at", nil], ["created_at", "2023-05-16 22:42:25.715679"], ["updated_at", "2023-05-16 22:42:25.715679"]]
  [1m[36mTRANSACTION (1.4ms)[0m  [1m[36mcommit transaction[0m
Redirected to http://127.0.0.1:3000/
Completed 302 Found in 348ms (ActiveRecord: 4.5ms | Allocations: 13653)


Started GET "/" for 127.0.0.1 at 2023-05-17 00:42:25 +0200
Processing by PagesController#home as TURBO_STREAM
  Rendering layout layouts/application.html.erb
  Rendering pages/home.html.erb within layouts/application
  [1m[36mUser Load (0.2ms)[0m  [1m[34mSELECT "users".* FROM "users" WHERE "users"."id" = ? ORDER BY "users"."id" ASC LIMIT ?[0m  [["id", 1], ["LIMIT", 1]]
  ↳ app/views/pages/home.html.erb:2
  Rendered pages/home.html.erb within layouts/application (Duration: 2.9ms | Allocations: 1369)
  Rendered layout layouts/application.html.erb (Duration: 7.5ms | Allocations: 3610)
Completed 200 OK in 9ms (Views: 7.9ms | ActiveRecord: 0.2ms | Allocations: 3979)


Started DELETE "/users/sign_out" for 127.0.0.1 at 2023-05-17 00:42:29 +0200
Processing by Devise::SessionsController#destroy as TURBO_STREAM
  [1m[36mUser Load (0.1ms)[0m  [1m[34mSELECT "users".* FROM "users" WHERE "users"."id" = ? ORDER BY "users"."id" ASC LIMIT ?[0m  [["id", 1], ["LIMIT", 1]]
Redirected to http://127.0.0.1:3000/
Completed 302 Found in 12ms (ActiveRecord: 0.1ms | Allocations: 2518)


Started GET "/" for 127.0.0.1 at 2023-05-17 00:42:29 +0200
Processing by PagesController#home as TURBO_STREAM
  Rendering layout layouts/application.html.erb
  Rendering pages/home.html.erb within layouts/application
  Rendered pages/home.html.erb within layouts/application (Duration: 0.7ms | Allocations: 307)
  Rendered layout layouts/application.html.erb (Duration: 4.3ms | Allocations: 2540)
Completed 200 OK in 6ms (Views: 4.9ms | ActiveRecord: 0.0ms | Allocations: 2861)


Started GET "/users/sign_in" for 127.0.0.1 at 2023-05-17 00:42:43 +0200
Processing by Devise::SessionsController#new as HTML
  Rendering layout layouts/application.html.erb
  Rendering /Users/samuel/.rvm/gems/ruby-3.0.0/bundler/gems/devise-4b72064bfcf0/app/views/devise/sessions/new.html.erb within layouts/application
  Rendered /Users/samuel/.rvm/gems/ruby-3.0.0/bundler/gems/devise-4b72064bfcf0/app/views/devise/shared/_links.html.erb (Duration: 0.2ms | Allocations: 138)
  Rendered /Users/samuel/.rvm/gems/ruby-3.0.0/bundler/gems/devise-4b72064bfcf0/app/views/devise/sessions/new.html.erb within layouts/application (Duration: 1.8ms | Allocations: 1209)
  Rendered layout layouts/application.html.erb (Duration: 8.0ms | Allocations: 3409)
Completed 200 OK in 10ms (Views: 8.7ms | ActiveRecord: 0.0ms | Allocations: 4110)


Started POST "/users/sign_in" for 127.0.0.1 at 2023-05-17 00:42:50 +0200
Processing by Devise::SessionsController#create as TURBO_STREAM
  Parameters: {"authenticity_token"=>"[FILTERED]", "user"=>{"email"=>"samuel@yopmail.com", "password"=>"[FILTERED]", "remember_me"=>"0"}, "commit"=>"Log in"}
  [1m[36mUser Load (0.3ms)[0m  [1m[34mSELECT "users".* FROM "users" WHERE "users"."email" = ? ORDER BY "users"."id" ASC LIMIT ?[0m  [["email", "samuel@yopmail.com"], ["LIMIT", 1]]
Redirected to http://127.0.0.1:3000/
Completed 302 Found in 303ms (ActiveRecord: 0.3ms | Allocations: 2791)


Started GET "/" for 127.0.0.1 at 2023-05-17 00:42:50 +0200
Processing by PagesController#home as TURBO_STREAM
  Rendering layout layouts/application.html.erb
  Rendering pages/home.html.erb within layouts/application
  [1m[36mUser Load (0.1ms)[0m  [1m[34mSELECT "users".* FROM "users" WHERE "users"."id" = ? ORDER BY "users"."id" ASC LIMIT ?[0m  [["id", 1], ["LIMIT", 1]]
  ↳ app/views/pages/home.html.erb:2
  Rendered pages/home.html.erb within layouts/application (Duration: 2.6ms | Allocations: 953)
  Rendered layout layouts/application.html.erb (Duration: 6.7ms | Allocations: 3186)
Completed 200 OK in 8ms (Views: 7.3ms | ActiveRecord: 0.1ms | Allocations: 3506)


Started DELETE "/users/sign_out" for 127.0.0.1 at 2023-05-17 00:42:54 +0200
Processing by Devise::SessionsController#destroy as TURBO_STREAM
  [1m[36mUser Load (0.3ms)[0m  [1m[34mSELECT "users".* FROM "users" WHERE "users"."id" = ? ORDER BY "users"."id" ASC LIMIT ?[0m  [["id", 1], ["LIMIT", 1]]
Redirected to http://127.0.0.1:3000/
Completed 302 Found in 5ms (ActiveRecord: 0.3ms | Allocations: 1696)


Started GET "/" for 127.0.0.1 at 2023-05-17 00:42:54 +0200
Processing by PagesController#home as TURBO_STREAM
  Rendering layout layouts/application.html.erb
  Rendering pages/home.html.erb within layouts/application
  Rendered pages/home.html.erb within layouts/application (Duration: 0.9ms | Allocations: 305)
  Rendered layout layouts/application.html.erb (Duration: 4.5ms | Allocations: 2545)
Completed 200 OK in 6ms (Views: 5.2ms | ActiveRecord: 0.0ms | Allocations: 2865)


Started GET "/" for 127.0.0.1 at 2023-05-17 00:53:03 +0200
Processing by EventsController#index as HTML
  Rendering layout layouts/application.html.erb
  Rendering events/index.html.erb within layouts/application
  [1m[36mEvent Load (0.5ms)[0m  [1m[34mSELECT "events".* FROM "events"[0m
  ↳ app/views/events/index.html.erb:23
  Rendered events/index.html.erb within layouts/application (Duration: 6.3ms | Allocations: 1881)
  Rendered layout layouts/application.html.erb (Duration: 58.8ms | Allocations: 17858)
Completed 200 OK in 70ms (Views: 62.1ms | ActiveRecord: 1.0ms | Allocations: 22081)


Started GET "/application.css" for 127.0.0.1 at 2023-05-17 00:53:03 +0200
  
ActionController::RoutingError (No route matches [GET] "/application.css"):
  
Started GET "/users/sign_in" for 127.0.0.1 at 2023-05-17 00:53:14 +0200
Processing by Devise::SessionsController#new as HTML
  Rendering layout layouts/application.html.erb
  Rendering /Users/samuel/.rvm/gems/ruby-3.0.0/bundler/gems/devise-4b72064bfcf0/app/views/devise/sessions/new.html.erb within layouts/application
  Rendered /Users/samuel/.rvm/gems/ruby-3.0.0/bundler/gems/devise-4b72064bfcf0/app/views/devise/shared/_links.html.erb (Duration: 2.8ms | Allocations: 622)
  Rendered /Users/samuel/.rvm/gems/ruby-3.0.0/bundler/gems/devise-4b72064bfcf0/app/views/devise/sessions/new.html.erb within layouts/application (Duration: 7.7ms | Allocations: 2222)
  Rendered layout layouts/application.html.erb (Duration: 12.1ms | Allocations: 4540)
Completed 200 OK in 21ms (Views: 16.1ms | ActiveRecord: 0.0ms | Allocations: 8068)


Started GET "/users/application.css" for 127.0.0.1 at 2023-05-17 00:53:14 +0200
  
ActionController::RoutingError (No route matches [GET] "/users/application.css"):
  
Started POST "/users/sign_in" for 127.0.0.1 at 2023-05-17 00:53:26 +0200
Processing by Devise::SessionsController#create as TURBO_STREAM
  Parameters: {"authenticity_token"=>"[FILTERED]", "user"=>{"email"=>"samuel@yopmail.com", "password"=>"[FILTERED]", "remember_me"=>"0"}, "commit"=>"Log in"}
  [1m[36mUser Load (0.9ms)[0m  [1m[34mSELECT "users".* FROM "users" WHERE "users"."email" = ? ORDER BY "users"."id" ASC LIMIT ?[0m  [["email", "samuel@yopmail.com"], ["LIMIT", 1]]
Redirected to http://127.0.0.1:3000/
Completed 302 Found in 300ms (ActiveRecord: 0.9ms | Allocations: 2997)


Started GET "/" for 127.0.0.1 at 2023-05-17 00:53:27 +0200
Processing by EventsController#index as TURBO_STREAM
  Rendering layout layouts/application.html.erb
  Rendering events/index.html.erb within layouts/application
  [1m[36mUser Load (0.2ms)[0m  [1m[34mSELECT "users".* FROM "users" WHERE "users"."id" = ? ORDER BY "users"."id" ASC LIMIT ?[0m  [["id", 1], ["LIMIT", 1]]
  ↳ app/views/events/index.html.erb:13
  [1m[36mEvent Load (0.1ms)[0m  [1m[34mSELECT "events".* FROM "events"[0m
  ↳ app/views/events/index.html.erb:23
  Rendered events/index.html.erb within layouts/application (Duration: 3.7ms | Allocations: 1549)
  Rendered layout layouts/application.html.erb (Duration: 7.5ms | Allocations: 3806)
Completed 200 OK in 9ms (Views: 7.9ms | ActiveRecord: 0.3ms | Allocations: 4187)


Started GET "/users/sign_out" for 127.0.0.1 at 2023-05-17 00:53:29 +0200
  
ActionController::RoutingError (No route matches [GET] "/users/sign_out"):
  
Started GET "/" for 127.0.0.1 at 2023-05-17 00:55:05 +0200
Processing by PagesController#home as HTML
  Rendering layout layouts/application.html.erb
  Rendering pages/home.html.erb within layouts/application
  [1m[36mUser Load (0.7ms)[0m  [1m[34mSELECT "users".* FROM "users" WHERE "users"."id" = ? ORDER BY "users"."id" ASC LIMIT ?[0m  [["id", 1], ["LIMIT", 1]]
  ↳ app/views/pages/home.html.erb:2
  Rendered pages/home.html.erb within layouts/application (Duration: 11.7ms | Allocations: 4114)
  Rendered layout layouts/application.html.erb (Duration: 44.3ms | Allocations: 18326)
Completed 200 OK in 48ms (Views: 47.1ms | ActiveRecord: 2.0ms | Allocations: 19396)


Started GET "/application.css" for 127.0.0.1 at 2023-05-17 00:55:05 +0200
  
ActionController::RoutingError (No route matches [GET] "/application.css"):
  
Started DELETE "/users/sign_out" for 127.0.0.1 at 2023-05-17 00:55:07 +0200
Processing by Devise::SessionsController#destroy as TURBO_STREAM
  [1m[36mUser Load (0.5ms)[0m  [1m[34mSELECT "users".* FROM "users" WHERE "users"."id" = ? ORDER BY "users"."id" ASC LIMIT ?[0m  [["id", 1], ["LIMIT", 1]]
Redirected to http://127.0.0.1:3000/
Completed 302 Found in 9ms (ActiveRecord: 0.5ms | Allocations: 2023)


Started GET "/" for 127.0.0.1 at 2023-05-17 00:55:07 +0200
Processing by PagesController#home as TURBO_STREAM
  Rendering layout layouts/application.html.erb
  Rendering pages/home.html.erb within layouts/application
  Rendered pages/home.html.erb within layouts/application (Duration: 0.6ms | Allocations: 321)
  Rendered layout layouts/application.html.erb (Duration: 4.2ms | Allocations: 2581)
Completed 200 OK in 6ms (Views: 4.8ms | ActiveRecord: 0.0ms | Allocations: 2948)


Started GET "/users/sign_up" for 127.0.0.1 at 2023-05-17 00:55:27 +0200
Processing by Devise::RegistrationsController#new as HTML
  Rendering layout layouts/application.html.erb
  Rendering /Users/samuel/.rvm/gems/ruby-3.0.0/bundler/gems/devise-4b72064bfcf0/app/views/devise/registrations/new.html.erb within layouts/application
  Rendered /Users/samuel/.rvm/gems/ruby-3.0.0/bundler/gems/devise-4b72064bfcf0/app/views/devise/shared/_error_messages.html.erb (Duration: 2.1ms | Allocations: 249)
  Rendered /Users/samuel/.rvm/gems/ruby-3.0.0/bundler/gems/devise-4b72064bfcf0/app/views/devise/shared/_links.html.erb (Duration: 1.5ms | Allocations: 562)
  Rendered /Users/samuel/.rvm/gems/ruby-3.0.0/bundler/gems/devise-4b72064bfcf0/app/views/devise/registrations/new.html.erb within layouts/application (Duration: 7.8ms | Allocations: 2539)
  Rendered layout layouts/application.html.erb (Duration: 11.6ms | Allocations: 4857)
Completed 200 OK in 19ms (Views: 17.3ms | ActiveRecord: 0.0ms | Allocations: 6360)


Started GET "/users/sign_in" for 127.0.0.1 at 2023-05-17 00:55:29 +0200
Processing by Devise::SessionsController#new as HTML
  Rendering layout layouts/application.html.erb
  Rendering /Users/samuel/.rvm/gems/ruby-3.0.0/bundler/gems/devise-4b72064bfcf0/app/views/devise/sessions/new.html.erb within layouts/application
  Rendered /Users/samuel/.rvm/gems/ruby-3.0.0/bundler/gems/devise-4b72064bfcf0/app/views/devise/shared/_links.html.erb (Duration: 0.4ms | Allocations: 161)
  Rendered /Users/samuel/.rvm/gems/ruby-3.0.0/bundler/gems/devise-4b72064bfcf0/app/views/devise/sessions/new.html.erb within layouts/application (Duration: 5.8ms | Allocations: 1668)
  Rendered layout layouts/application.html.erb (Duration: 10.3ms | Allocations: 3978)
Completed 200 OK in 14ms (Views: 12.5ms | ActiveRecord: 0.0ms | Allocations: 5273)


Started POST "/users/sign_in" for 127.0.0.1 at 2023-05-17 00:55:36 +0200
Processing by Devise::SessionsController#create as TURBO_STREAM
  Parameters: {"authenticity_token"=>"[FILTERED]", "user"=>{"email"=>"samuel@yopmail.com", "password"=>"[FILTERED]", "remember_me"=>"0"}, "commit"=>"Log in"}
  [1m[36mUser Load (0.5ms)[0m  [1m[34mSELECT "users".* FROM "users" WHERE "users"."email" = ? ORDER BY "users"."id" ASC LIMIT ?[0m  [["email", "samuel@yopmail.com"], ["LIMIT", 1]]
Redirected to http://127.0.0.1:3000/
Completed 302 Found in 300ms (ActiveRecord: 0.5ms | Allocations: 2667)


Started GET "/" for 127.0.0.1 at 2023-05-17 00:55:36 +0200
Processing by PagesController#home as TURBO_STREAM
  Rendering layout layouts/application.html.erb
  Rendering pages/home.html.erb within layouts/application
  [1m[36mUser Load (0.2ms)[0m  [1m[34mSELECT "users".* FROM "users" WHERE "users"."id" = ? ORDER BY "users"."id" ASC LIMIT ?[0m  [["id", 1], ["LIMIT", 1]]
  ↳ app/views/pages/home.html.erb:2
  Rendered pages/home.html.erb within layouts/application (Duration: 2.2ms | Allocations: 955)
  Rendered layout layouts/application.html.erb (Duration: 6.3ms | Allocations: 3212)
Completed 200 OK in 8ms (Views: 6.8ms | ActiveRecord: 0.2ms | Allocations: 3533)


Started DELETE "/users/sign_out" for 127.0.0.1 at 2023-05-17 00:55:40 +0200
Processing by Devise::SessionsController#destroy as TURBO_STREAM
  [1m[36mUser Load (0.1ms)[0m  [1m[34mSELECT "users".* FROM "users" WHERE "users"."id" = ? ORDER BY "users"."id" ASC LIMIT ?[0m  [["id", 1], ["LIMIT", 1]]
Redirected to http://127.0.0.1:3000/
Completed 302 Found in 4ms (ActiveRecord: 0.1ms | Allocations: 1715)


Started GET "/" for 127.0.0.1 at 2023-05-17 00:55:40 +0200
Processing by PagesController#home as TURBO_STREAM
  Rendering layout layouts/application.html.erb
  Rendering pages/home.html.erb within layouts/application
  Rendered pages/home.html.erb within layouts/application (Duration: 0.5ms | Allocations: 297)
  Rendered layout layouts/application.html.erb (Duration: 5.6ms | Allocations: 2554)
Completed 200 OK in 7ms (Views: 6.3ms | ActiveRecord: 0.0ms | Allocations: 2874)


Started GET "/events/new" for 127.0.0.1 at 2023-05-17 00:55:42 +0200
Processing by EventsController#new as HTML
  Rendering layout layouts/application.html.erb
  Rendering events/new.html.erb within layouts/application
  Rendered events/new.html.erb within layouts/application (Duration: 4.4ms | Allocations: 2198)
  Rendered layout layouts/application.html.erb (Duration: 8.8ms | Allocations: 4525)
Completed 200 OK in 34ms (Views: 12.0ms | ActiveRecord: 1.0ms | Allocations: 24480)


Started GET "/" for 127.0.0.1 at 2023-05-17 00:55:53 +0200
Processing by PagesController#home as HTML
  Rendering layout layouts/application.html.erb
  Rendering pages/home.html.erb within layouts/application
  Rendered pages/home.html.erb within layouts/application (Duration: 0.7ms | Allocations: 308)
  Rendered layout layouts/application.html.erb (Duration: 5.9ms | Allocations: 2560)
Completed 200 OK in 8ms (Views: 6.8ms | ActiveRecord: 0.0ms | Allocations: 2878)


Started GET "/events/new" for 127.0.0.1 at 2023-05-17 00:55:55 +0200
Processing by EventsController#new as HTML
  Rendering layout layouts/application.html.erb
  Rendering events/new.html.erb within layouts/application
  Rendered events/new.html.erb within layouts/application (Duration: 1.6ms | Allocations: 976)
  Rendered layout layouts/application.html.erb (Duration: 5.6ms | Allocations: 3217)
Completed 200 OK in 7ms (Views: 6.2ms | ActiveRecord: 0.0ms | Allocations: 3553)


Started GET "/" for 127.0.0.1 at 2023-05-17 00:57:32 +0200
Processing by PagesController#home as HTML
  Rendering layout layouts/application.html.erb
  Rendering pages/home.html.erb within layouts/application
  Rendered pages/home.html.erb within layouts/application (Duration: 2.7ms | Allocations: 1832)
  Rendered layout layouts/application.html.erb (Duration: 3.3ms | Allocations: 1904)
Completed 500 Internal Server Error in 12ms (ActiveRecord: 0.0ms | Allocations: 2925)


  
ActionView::Template::Error (undefined method `each' for nil:NilClass):
    1: <div class="row">
    2:         <% @events.each do |event| %>
    3:     <div class="col-md-3">
    4:       <div class="row">
    5:         <div class="col-md-12">
  
app/views/pages/home.html.erb:2
Started GET "/" for 127.0.0.1 at 2023-05-17 00:59:05 +0200
Processing by PagesController#home as HTML
  Rendering layout layouts/application.html.erb
  Rendering pages/home.html.erb within layouts/application
  Rendered pages/home.html.erb within layouts/application (Duration: 2.0ms | Allocations: 585)
  Rendered layout layouts/application.html.erb (Duration: 9.4ms | Allocations: 3273)
Completed 200 OK in 17ms (Views: 13.6ms | ActiveRecord: 0.0ms | Allocations: 4314)


Started GET "/application.css" for 127.0.0.1 at 2023-05-17 00:59:05 +0200
  
ActionController::RoutingError (No route matches [GET] "/application.css"):
  
Started GET "/events/new" for 127.0.0.1 at 2023-05-17 00:59:11 +0200
Processing by EventsController#new as HTML
  Rendering layout layouts/application.html.erb
  Rendering events/new.html.erb within layouts/application
  Rendered events/new.html.erb within layouts/application (Duration: 4.6ms | Allocations: 1547)
  Rendered layout layouts/application.html.erb (Duration: 9.5ms | Allocations: 3873)
Completed 200 OK in 13ms (Views: 11.5ms | ActiveRecord: 0.0ms | Allocations: 4754)


Started POST "/events" for 127.0.0.1 at 2023-05-17 01:00:11 +0200
Processing by EventsController#create as TURBO_STREAM
  Parameters: {"authenticity_token"=>"[FILTERED]", "title"=>"Football", "description"=>"Jouer au foot", "start_date"=>"18/07/2023", "duration"=>"60", "price"=>"30", "location"=>"Paris", "commit"=>"Créer un event"}
Completed 400 Bad Request in 2ms (ActiveRecord: 0.0ms | Allocations: 811)


  
ActionController::ParameterMissing (param is missing or the value is empty: event):
  
app/controllers/events_controller.rb:68:in `event_params'
app/controllers/events_controller.rb:24:in `create'
Started GET "/events/new" for 127.0.0.1 at 2023-05-17 01:00:11 +0200
Processing by EventsController#new as HTML
  Rendering layout layouts/application.html.erb
  Rendering events/new.html.erb within layouts/application
  Rendered events/new.html.erb within layouts/application (Duration: 1.4ms | Allocations: 984)
  Rendered layout layouts/application.html.erb (Duration: 5.4ms | Allocations: 3237)
Completed 200 OK in 7ms (Views: 6.2ms | ActiveRecord: 0.0ms | Allocations: 3572)


Started GET "/events/application.css" for 127.0.0.1 at 2023-05-17 01:00:11 +0200
Processing by EventsController#show as CSS
  Parameters: {"id"=>"application"}
  [1m[36mEvent Load (0.2ms)[0m  [1m[34mSELECT "events".* FROM "events" WHERE "events"."id" = ? LIMIT ?[0m  [["id", nil], ["LIMIT", 1]]
  ↳ app/controllers/events_controller.rb:63:in `set_event'
Completed 404 Not Found in 4ms (ActiveRecord: 0.2ms | Allocations: 1570)


  
ActiveRecord::RecordNotFound (Couldn't find Event with 'id'=application):
  
app/controllers/events_controller.rb:63:in `set_event'
Started GET "/" for 127.0.0.1 at 2023-05-17 01:00:16 +0200
Processing by PagesController#home as HTML
  Rendering layout layouts/application.html.erb
  Rendering pages/home.html.erb within layouts/application
  Rendered pages/home.html.erb within layouts/application (Duration: 0.6ms | Allocations: 307)
  Rendered layout layouts/application.html.erb (Duration: 4.1ms | Allocations: 2571)
Completed 200 OK in 5ms (Views: 4.7ms | ActiveRecord: 0.0ms | Allocations: 2890)


Started GET "/events" for 127.0.0.1 at 2023-05-17 01:00:38 +0200
Processing by EventsController#index as HTML
  Rendering layout layouts/application.html.erb
  Rendering events/index.html.erb within layouts/application
  [1m[36mEvent Load (1.1ms)[0m  [1m[34mSELECT "events".* FROM "events"[0m
  ↳ app/views/events/index.html.erb:2
  Rendered events/index.html.erb within layouts/application (Duration: 4.1ms | Allocations: 817)
  Rendered layout layouts/application.html.erb (Duration: 11.8ms | Allocations: 3255)
Completed 200 OK in 15ms (Views: 12.2ms | ActiveRecord: 1.1ms | Allocations: 3666)


Started GET "/application.css" for 127.0.0.1 at 2023-05-17 01:00:39 +0200
  
ActionController::RoutingError (No route matches [GET] "/application.css"):
  
Started GET "/events/new" for 127.0.0.1 at 2023-05-17 01:00:44 +0200
Processing by EventsController#new as HTML
  Rendering layout layouts/application.html.erb
  Rendering events/new.html.erb within layouts/application
  Rendered events/new.html.erb within layouts/application (Duration: 2.1ms | Allocations: 972)
  Rendered layout layouts/application.html.erb (Duration: 12.4ms | Allocations: 3213)
Completed 200 OK in 14ms (Views: 13.3ms | ActiveRecord: 0.0ms | Allocations: 3549)


Started GET "/" for 127.0.0.1 at 2023-05-17 01:00:46 +0200
Processing by PagesController#home as HTML
  Rendering layout layouts/application.html.erb
  Rendering pages/home.html.erb within layouts/application
  Rendered pages/home.html.erb within layouts/application (Duration: 0.5ms | Allocations: 323)
  Rendered layout layouts/application.html.erb (Duration: 4.9ms | Allocations: 2575)
Completed 200 OK in 6ms (Views: 5.5ms | ActiveRecord: 0.0ms | Allocations: 2892)


Started GET "/" for 127.0.0.1 at 2023-05-17 01:02:32 +0200
Started GET "/events" for 127.0.0.1 at 2023-05-17 01:02:32 +0200
Processing by EventsController#index as HTML
  Rendering layout layouts/application.html.erb
  Rendering events/index.html.erb within layouts/application
  [1m[36mEvent Load (0.2ms)[0m  [1m[34mSELECT "events".* FROM "events"[0m
  ↳ app/views/events/index.html.erb:11
  Rendered events/index.html.erb within layouts/application (Duration: 5.8ms | Allocations: 1461)
  Rendered layout layouts/application.html.erb (Duration: 45.5ms | Allocations: 15672)
Completed 200 OK in 61ms (Views: 49.7ms | ActiveRecord: 0.6ms | Allocations: 19834)


Started GET "/application.css" for 127.0.0.1 at 2023-05-17 01:02:33 +0200
  
ActionController::RoutingError (No route matches [GET] "/application.css"):
  
Started GET "/events/new" for 127.0.0.1 at 2023-05-17 01:02:38 +0200
Processing by EventsController#new as HTML
  Rendering layout layouts/application.html.erb
  Rendering events/new.html.erb within layouts/application
  Rendered events/new.html.erb within layouts/application (Duration: 4.6ms | Allocations: 2150)
  Rendered layout layouts/application.html.erb (Duration: 10.3ms | Allocations: 4391)
Completed 200 OK in 17ms (Views: 11.1ms | ActiveRecord: 0.7ms | Allocations: 7341)


Started POST "/events" for 127.0.0.1 at 2023-05-17 01:02:54 +0200
Processing by EventsController#create as TURBO_STREAM
  Parameters: {"authenticity_token"=>"[FILTERED]", "title"=>"Football", "description"=>"Jouer au foot", "start_date"=>"18/07/2023", "duration"=>"60", "price"=>"30", "location"=>"Paris", "commit"=>"Créer un event"}
Completed 400 Bad Request in 3ms (ActiveRecord: 0.0ms | Allocations: 786)


  
ActionController::ParameterMissing (param is missing or the value is empty: event):
  
app/controllers/events_controller.rb:68:in `event_params'
app/controllers/events_controller.rb:24:in `create'
Started GET "/events/new" for 127.0.0.1 at 2023-05-17 01:02:54 +0200
Processing by EventsController#new as HTML
  Rendering layout layouts/application.html.erb
  Rendering events/new.html.erb within layouts/application
  Rendered events/new.html.erb within layouts/application (Duration: 1.5ms | Allocations: 974)
  Rendered layout layouts/application.html.erb (Duration: 6.0ms | Allocations: 3227)
Completed 200 OK in 8ms (Views: 6.6ms | ActiveRecord: 0.0ms | Allocations: 3561)


Started GET "/events/application.css" for 127.0.0.1 at 2023-05-17 01:02:54 +0200
Processing by EventsController#show as CSS
  Parameters: {"id"=>"application"}
  [1m[36mEvent Load (0.4ms)[0m  [1m[34mSELECT "events".* FROM "events" WHERE "events"."id" = ? LIMIT ?[0m  [["id", nil], ["LIMIT", 1]]
  ↳ app/controllers/events_controller.rb:63:in `set_event'
Completed 404 Not Found in 6ms (ActiveRecord: 0.4ms | Allocations: 1461)


  
ActiveRecord::RecordNotFound (Couldn't find Event with 'id'=application):
  
app/controllers/events_controller.rb:63:in `set_event'
Started GET "/" for 127.0.0.1 at 2023-05-17 01:02:55 +0200
Started GET "/events" for 127.0.0.1 at 2023-05-17 01:02:55 +0200
Processing by EventsController#index as HTML
  Rendering layout layouts/application.html.erb
  Rendering events/index.html.erb within layouts/application
  [1m[36mEvent Load (0.1ms)[0m  [1m[34mSELECT "events".* FROM "events"[0m
  ↳ app/views/events/index.html.erb:11
  Rendered events/index.html.erb within layouts/application (Duration: 1.7ms | Allocations: 806)
  Rendered layout layouts/application.html.erb (Duration: 5.3ms | Allocations: 3070)
Completed 200 OK in 7ms (Views: 5.8ms | ActiveRecord: 0.1ms | Allocations: 3400)


Started GET "/users/sign_in" for 127.0.0.1 at 2023-05-17 01:02:57 +0200
Processing by Devise::SessionsController#new as HTML
  Rendering layout layouts/application.html.erb
  Rendering /Users/samuel/.rvm/gems/ruby-3.0.0/bundler/gems/devise-4b72064bfcf0/app/views/devise/sessions/new.html.erb within layouts/application
  Rendered /Users/samuel/.rvm/gems/ruby-3.0.0/bundler/gems/devise-4b72064bfcf0/app/views/devise/shared/_links.html.erb (Duration: 2.1ms | Allocations: 622)
  Rendered /Users/samuel/.rvm/gems/ruby-3.0.0/bundler/gems/devise-4b72064bfcf0/app/views/devise/sessions/new.html.erb within layouts/application (Duration: 5.4ms | Allocations: 2222)
  Rendered layout layouts/application.html.erb (Duration: 9.4ms | Allocations: 4532)
Completed 200 OK in 21ms (Views: 13.9ms | ActiveRecord: 0.8ms | Allocations: 8473)


Started GET "/" for 127.0.0.1 at 2023-05-17 01:03:01 +0200
Started GET "/events" for 127.0.0.1 at 2023-05-17 01:03:01 +0200
Processing by EventsController#index as HTML
  Rendering layout layouts/application.html.erb
  Rendering events/index.html.erb within layouts/application
  [1m[36mEvent Load (0.1ms)[0m  [1m[34mSELECT "events".* FROM "events"[0m
  ↳ app/views/events/index.html.erb:11
  Rendered events/index.html.erb within layouts/application (Duration: 2.1ms | Allocations: 807)
  Rendered layout layouts/application.html.erb (Duration: 6.1ms | Allocations: 3059)
Completed 200 OK in 8ms (Views: 7.2ms | ActiveRecord: 0.1ms | Allocations: 3390)


Started GET "/events" for 127.0.0.1 at 2023-05-17 01:03:50 +0200
Processing by EventsController#index as HTML
  Rendering layout layouts/application.html.erb
  Rendering events/index.html.erb within layouts/application
  [1m[36mEvent Load (0.1ms)[0m  [1m[34mSELECT "events".* FROM "events"[0m
  ↳ app/views/events/index.html.erb:11
  Rendered events/index.html.erb within layouts/application (Duration: 2.8ms | Allocations: 1062)
  Rendered layout layouts/application.html.erb (Duration: 30.9ms | Allocations: 14910)
Completed 200 OK in 39ms (Views: 32.4ms | ActiveRecord: 0.4ms | Allocations: 18714)


Started GET "/application.css" for 127.0.0.1 at 2023-05-17 01:03:50 +0200
  
ActionController::RoutingError (No route matches [GET] "/application.css"):
  
Started GET "/events/new" for 127.0.0.1 at 2023-05-17 01:03:54 +0200
Processing by EventsController#new as HTML
  Rendering layout layouts/application.html.erb
  Rendering events/new.html.erb within layouts/application
  Rendered events/new.html.erb within layouts/application (Duration: 3.5ms | Allocations: 1634)
  Rendered layout layouts/application.html.erb (Duration: 7.2ms | Allocations: 3887)
Completed 200 OK in 13ms (Views: 7.9ms | ActiveRecord: 0.6ms | Allocations: 6744)


Started POST "/events" for 127.0.0.1 at 2023-05-17 01:04:22 +0200
Processing by EventsController#create as TURBO_STREAM
  Parameters: {"authenticity_token"=>"[FILTERED]", "title"=>"Rugby", "description"=>"Jouer au rugby", "start_date"=>"23/07/2023", "duration"=>"60", "price"=>"30", "location"=>"Paris", "commit"=>"Créer un event"}
Completed 400 Bad Request in 2ms (ActiveRecord: 0.0ms | Allocations: 806)


  
ActionController::ParameterMissing (param is missing or the value is empty: event):
  
app/controllers/events_controller.rb:68:in `event_params'
app/controllers/events_controller.rb:24:in `create'
Started GET "/events/new" for 127.0.0.1 at 2023-05-17 01:04:23 +0200
Processing by EventsController#new as HTML
  Rendering layout layouts/application.html.erb
  Rendering events/new.html.erb within layouts/application
  Rendered events/new.html.erb within layouts/application (Duration: 1.2ms | Allocations: 996)
  Rendered layout layouts/application.html.erb (Duration: 5.0ms | Allocations: 3249)
Completed 200 OK in 7ms (Views: 5.7ms | ActiveRecord: 0.0ms | Allocations: 3583)


Started GET "/events/application.css" for 127.0.0.1 at 2023-05-17 01:04:23 +0200
Processing by EventsController#show as CSS
  Parameters: {"id"=>"application"}
  [1m[36mEvent Load (0.2ms)[0m  [1m[34mSELECT "events".* FROM "events" WHERE "events"."id" = ? LIMIT ?[0m  [["id", nil], ["LIMIT", 1]]
  ↳ app/controllers/events_controller.rb:63:in `set_event'
Completed 404 Not Found in 11ms (ActiveRecord: 0.2ms | Allocations: 1462)


  
ActiveRecord::RecordNotFound (Couldn't find Event with 'id'=application):
  
app/controllers/events_controller.rb:63:in `set_event'
Started GET "/events/new" for 127.0.0.1 at 2023-05-17 01:04:24 +0200
Processing by EventsController#new as HTML
  Rendering layout layouts/application.html.erb
  Rendering events/new.html.erb within layouts/application
  Rendered events/new.html.erb within layouts/application (Duration: 1.6ms | Allocations: 974)
  Rendered layout layouts/application.html.erb (Duration: 6.9ms | Allocations: 3227)
Completed 200 OK in 8ms (Views: 7.5ms | ActiveRecord: 0.0ms | Allocations: 3563)


Started GET "/" for 127.0.0.1 at 2023-05-17 01:04:25 +0200
  
ActionController::RoutingError (uninitialized constant EvcentsController
Did you mean?  EventsController):
  
Started GET "/" for 127.0.0.1 at 2023-05-17 01:04:52 +0200
Processing by EventsController#index as HTML
  Rendering layout layouts/application.html.erb
  Rendering events/index.html.erb within layouts/application
  [1m[36mEvent Load (0.1ms)[0m  [1m[34mSELECT "events".* FROM "events"[0m
  ↳ app/views/events/index.html.erb:11
  Rendered events/index.html.erb within layouts/application (Duration: 2.8ms | Allocations: 1073)
  Rendered layout layouts/application.html.erb (Duration: 30.9ms | Allocations: 14967)
Completed 200 OK in 37ms (Views: 32.2ms | ActiveRecord: 0.4ms | Allocations: 18773)


Started GET "/application.css" for 127.0.0.1 at 2023-05-17 01:04:52 +0200
  
ActionController::RoutingError (No route matches [GET] "/application.css"):
  
Started GET "/events/new" for 127.0.0.1 at 2023-05-17 01:04:57 +0200
Processing by EventsController#new as HTML
  Rendering layout layouts/application.html.erb
  Rendering events/new.html.erb within layouts/application
  Rendered events/new.html.erb within layouts/application (Duration: 2.3ms | Allocations: 1628)
  Rendered layout layouts/application.html.erb (Duration: 7.7ms | Allocations: 3881)
Completed 200 OK in 13ms (Views: 8.3ms | ActiveRecord: 0.6ms | Allocations: 6775)


Started GET "/events/new" for 127.0.0.1 at 2023-05-17 01:07:15 +0200
Processing by EventsController#new as HTML
  Rendering layout layouts/application.html.erb
  Rendering events/new.html.erb within layouts/application
  Rendered events/new.html.erb within layouts/application (Duration: 2.1ms | Allocations: 1665)
  Rendered layout layouts/application.html.erb (Duration: 26.3ms | Allocations: 15477)
Completed 200 OK in 47ms (Views: 27.9ms | ActiveRecord: 1.2ms | Allocations: 21875)


Started GET "/events/application.css" for 127.0.0.1 at 2023-05-17 01:07:16 +0200
Processing by EventsController#show as CSS
  Parameters: {"id"=>"application"}
  [1m[36mEvent Load (1.0ms)[0m  [1m[34mSELECT "events".* FROM "events" WHERE "events"."id" = ? LIMIT ?[0m  [["id", nil], ["LIMIT", 1]]
  ↳ app/controllers/events_controller.rb:64:in `set_event'
Completed 404 Not Found in 16ms (ActiveRecord: 1.0ms | Allocations: 1528)


  
ActiveRecord::RecordNotFound (Couldn't find Event with 'id'=application):
  
app/controllers/events_controller.rb:64:in `set_event'
Started GET "/" for 127.0.0.1 at 2023-05-17 01:07:20 +0200
Processing by EventsController#index as HTML
  Rendering layout layouts/application.html.erb
  Rendering events/index.html.erb within layouts/application
  [1m[36mEvent Load (0.2ms)[0m  [1m[34mSELECT "events".* FROM "events"[0m
  ↳ app/views/events/index.html.erb:11
  Rendered events/index.html.erb within layouts/application (Duration: 1.9ms | Allocations: 892)
  Rendered layout layouts/application.html.erb (Duration: 5.4ms | Allocations: 3156)
Completed 200 OK in 7ms (Views: 5.9ms | ActiveRecord: 0.2ms | Allocations: 3488)


Started GET "/events/new" for 127.0.0.1 at 2023-05-17 01:07:23 +0200
Processing by EventsController#new as HTML
  Rendering layout layouts/application.html.erb
  Rendering events/new.html.erb within layouts/application
  Rendered events/new.html.erb within layouts/application (Duration: 1.2ms | Allocations: 970)
  Rendered layout layouts/application.html.erb (Duration: 7.5ms | Allocations: 3211)
Completed 200 OK in 9ms (Views: 8.2ms | ActiveRecord: 0.0ms | Allocations: 3547)


Started POST "/events" for 127.0.0.1 at 2023-05-17 01:07:54 +0200
Processing by EventsController#create as TURBO_STREAM
  Parameters: {"authenticity_token"=>"[FILTERED]", "title"=>"Basket", "description"=>"Jouer au basket", "start_date"=>"24/05/2023", "duration"=>"60", "price"=>"30", "location"=>"Paris", "commit"=>"Créer un event"}
  Rendering layout layouts/application.html.erb
  Rendering events/new.html.erb within layouts/application
  Rendered events/new.html.erb within layouts/application (Duration: 1.4ms | Allocations: 799)
  Rendered layout layouts/application.html.erb (Duration: 6.6ms | Allocations: 3032)
Completed 200 OK in 15ms (Views: 7.9ms | ActiveRecord: 0.0ms | Allocations: 4591)


Started GET "/" for 127.0.0.1 at 2023-05-17 01:07:57 +0200
Processing by EventsController#index as HTML
  Rendering layout layouts/application.html.erb
  Rendering events/index.html.erb within layouts/application
  [1m[36mEvent Load (0.1ms)[0m  [1m[34mSELECT "events".* FROM "events"[0m
  ↳ app/views/events/index.html.erb:11
  Rendered events/index.html.erb within layouts/application (Duration: 1.7ms | Allocations: 815)
  Rendered layout layouts/application.html.erb (Duration: 6.0ms | Allocations: 3067)
Completed 200 OK in 7ms (Views: 6.5ms | ActiveRecord: 0.1ms | Allocations: 3397)


Started GET "/events/new" for 127.0.0.1 at 2023-05-17 01:07:59 +0200
Processing by EventsController#new as HTML
  Rendering layout layouts/application.html.erb
  Rendering events/new.html.erb within layouts/application
  Rendered events/new.html.erb within layouts/application (Duration: 3.2ms | Allocations: 980)
  Rendered layout layouts/application.html.erb (Duration: 8.5ms | Allocations: 3221)
Completed 200 OK in 10ms (Views: 9.5ms | ActiveRecord: 0.0ms | Allocations: 3557)


Started POST "/events" for 127.0.0.1 at 2023-05-17 01:08:24 +0200
Processing by EventsController#create as TURBO_STREAM
  Parameters: {"authenticity_token"=>"[FILTERED]", "title"=>"Golf", "description"=>"Jouer au golf", "start_date"=>"18/07/2023", "duration"=>"60", "price"=>"30", "location"=>"Paris", "commit"=>"Créer un event"}
  Rendering layout layouts/application.html.erb
  Rendering events/new.html.erb within layouts/application
  Rendered events/new.html.erb within layouts/application (Duration: 1.9ms | Allocations: 799)
  Rendered layout layouts/application.html.erb (Duration: 7.2ms | Allocations: 3032)
Completed 200 OK in 11ms (Views: 8.4ms | ActiveRecord: 0.0ms | Allocations: 4227)


Started GET "/events/new" for 127.0.0.1 at 2023-05-17 01:10:46 +0200
Processing by EventsController#new as HTML
  Rendering layout layouts/application.html.erb
  Rendering events/new.html.erb within layouts/application
  Rendered events/new.html.erb within layouts/application (Duration: 2.9ms | Allocations: 1658)
  Rendered layout layouts/application.html.erb (Duration: 26.3ms | Allocations: 15503)
Completed 200 OK in 28ms (Views: 27.5ms | Allocations: 16245)


Started GET "/events/application.css" for 127.0.0.1 at 2023-05-17 01:10:46 +0200
Processing by EventsController#show as CSS
  Parameters: {"id"=>"application"}
Completed 406 Not Acceptable in 2ms (Allocations: 796)


  
ActionController::UnknownFormat (EventsController#show is missing a template for this request format and variant.

request.formats: ["text/css"]
request.variant: []):
  
actionpack (7.0.4.3) lib/action_controller/metal/implicit_render.rb:42:in `default_render'
actionpack (7.0.4.3) lib/action_controller/metal/basic_implicit_render.rb:6:in `send_action'
actionpack (7.0.4.3) lib/abstract_controller/base.rb:215:in `process_action'
actionpack (7.0.4.3) lib/action_controller/metal/rendering.rb:53:in `process_action'
actionpack (7.0.4.3) lib/abstract_controller/callbacks.rb:234:in `block in process_action'
activesupport (7.0.4.3) lib/active_support/callbacks.rb:118:in `block in run_callbacks'
actiontext (7.0.4.3) lib/action_text/rendering.rb:20:in `with_renderer'
actiontext (7.0.4.3) lib/action_text/engine.rb:69:in `block (4 levels) in <class:Engine>'
activesupport (7.0.4.3) lib/active_support/callbacks.rb:127:in `instance_exec'
activesupport (7.0.4.3) lib/active_support/callbacks.rb:127:in `block in run_callbacks'
activesupport (7.0.4.3) lib/active_support/callbacks.rb:138:in `run_callbacks'
actionpack (7.0.4.3) lib/abstract_controller/callbacks.rb:233:in `process_action'
actionpack (7.0.4.3) lib/action_controller/metal/rescue.rb:22:in `process_action'
actionpack (7.0.4.3) lib/action_controller/metal/instrumentation.rb:67:in `block in process_action'
activesupport (7.0.4.3) lib/active_support/notifications.rb:206:in `block in instrument'
activesupport (7.0.4.3) lib/active_support/notifications/instrumenter.rb:24:in `instrument'
activesupport (7.0.4.3) lib/active_support/notifications.rb:206:in `instrument'
actionpack (7.0.4.3) lib/action_controller/metal/instrumentation.rb:66:in `process_action'
actionpack (7.0.4.3) lib/action_controller/metal/params_wrapper.rb:259:in `process_action'
activerecord (7.0.4.3) lib/active_record/railties/controller_runtime.rb:27:in `process_action'
actionpack (7.0.4.3) lib/abstract_controller/base.rb:151:in `process'
actionview (7.0.4.3) lib/action_view/rendering.rb:39:in `process'
actionpack (7.0.4.3) lib/action_controller/metal.rb:188:in `dispatch'
actionpack (7.0.4.3) lib/action_controller/metal.rb:251:in `dispatch'
actionpack (7.0.4.3) lib/action_dispatch/routing/route_set.rb:49:in `dispatch'
actionpack (7.0.4.3) lib/action_dispatch/routing/route_set.rb:32:in `serve'
actionpack (7.0.4.3) lib/action_dispatch/journey/router.rb:50:in `block in serve'
actionpack (7.0.4.3) lib/action_dispatch/journey/router.rb:32:in `each'
actionpack (7.0.4.3) lib/action_dispatch/journey/router.rb:32:in `serve'
actionpack (7.0.4.3) lib/action_dispatch/routing/route_set.rb:852:in `call'
warden (1.2.9) lib/warden/manager.rb:36:in `block in call'
warden (1.2.9) lib/warden/manager.rb:34:in `catch'
warden (1.2.9) lib/warden/manager.rb:34:in `call'
rack (2.2.7) lib/rack/tempfile_reaper.rb:15:in `call'
rack (2.2.7) lib/rack/etag.rb:27:in `call'
rack (2.2.7) lib/rack/conditional_get.rb:27:in `call'
rack (2.2.7) lib/rack/head.rb:12:in `call'
actionpack (7.0.4.3) lib/action_dispatch/http/permissions_policy.rb:38:in `call'
actionpack (7.0.4.3) lib/action_dispatch/http/content_security_policy.rb:36:in `call'
rack (2.2.7) lib/rack/session/abstract/id.rb:266:in `context'
rack (2.2.7) lib/rack/session/abstract/id.rb:260:in `call'
actionpack (7.0.4.3) lib/action_dispatch/middleware/cookies.rb:704:in `call'
activerecord (7.0.4.3) lib/active_record/migration.rb:603:in `call'
actionpack (7.0.4.3) lib/action_dispatch/middleware/callbacks.rb:27:in `block in call'
activesupport (7.0.4.3) lib/active_support/callbacks.rb:99:in `run_callbacks'
actionpack (7.0.4.3) lib/action_dispatch/middleware/callbacks.rb:26:in `call'
actionpack (7.0.4.3) lib/action_dispatch/middleware/executor.rb:14:in `call'
actionpack (7.0.4.3) lib/action_dispatch/middleware/actionable_exceptions.rb:17:in `call'
actionpack (7.0.4.3) lib/action_dispatch/middleware/debug_exceptions.rb:28:in `call'
web-console (4.2.0) lib/web_console/middleware.rb:132:in `call_app'
web-console (4.2.0) lib/web_console/middleware.rb:28:in `block in call'
web-console (4.2.0) lib/web_console/middleware.rb:17:in `catch'
web-console (4.2.0) lib/web_console/middleware.rb:17:in `call'
actionpack (7.0.4.3) lib/action_dispatch/middleware/show_exceptions.rb:26:in `call'
railties (7.0.4.3) lib/rails/rack/logger.rb:40:in `call_app'
railties (7.0.4.3) lib/rails/rack/logger.rb:25:in `block in call'
activesupport (7.0.4.3) lib/active_support/tagged_logging.rb:99:in `block in tagged'
activesupport (7.0.4.3) lib/active_support/tagged_logging.rb:37:in `tagged'
activesupport (7.0.4.3) lib/active_support/tagged_logging.rb:99:in `tagged'
railties (7.0.4.3) lib/rails/rack/logger.rb:25:in `call'
sprockets-rails (3.4.2) lib/sprockets/rails/quiet_assets.rb:13:in `call'
actionpack (7.0.4.3) lib/action_dispatch/middleware/remote_ip.rb:93:in `call'
actionpack (7.0.4.3) lib/action_dispatch/middleware/request_id.rb:26:in `call'
rack (2.2.7) lib/rack/method_override.rb:24:in `call'
rack (2.2.7) lib/rack/runtime.rb:22:in `call'
activesupport (7.0.4.3) lib/active_support/cache/strategy/local_cache_middleware.rb:29:in `call'
actionpack (7.0.4.3) lib/action_dispatch/middleware/server_timing.rb:61:in `block in call'
actionpack (7.0.4.3) lib/action_dispatch/middleware/server_timing.rb:26:in `collect_events'
actionpack (7.0.4.3) lib/action_dispatch/middleware/server_timing.rb:60:in `call'
actionpack (7.0.4.3) lib/action_dispatch/middleware/executor.rb:14:in `call'
actionpack (7.0.4.3) lib/action_dispatch/middleware/static.rb:23:in `call'
rack (2.2.7) lib/rack/sendfile.rb:110:in `call'
actionpack (7.0.4.3) lib/action_dispatch/middleware/host_authorization.rb:137:in `call'
railties (7.0.4.3) lib/rails/engine.rb:530:in `call'
puma (5.6.5) lib/puma/configuration.rb:252:in `call'
puma (5.6.5) lib/puma/request.rb:77:in `block in handle_request'
puma (5.6.5) lib/puma/thread_pool.rb:340:in `with_force_shutdown'
puma (5.6.5) lib/puma/request.rb:76:in `handle_request'
puma (5.6.5) lib/puma/server.rb:443:in `process_client'
puma (5.6.5) lib/puma/thread_pool.rb:147:in `block in spawn_thread'
Started GET "/" for 127.0.0.1 at 2023-05-17 01:10:48 +0200
Processing by EventsController#index as HTML
  Rendering layout layouts/application.html.erb
  Rendering events/index.html.erb within layouts/application
  [1m[36mEvent Load (0.2ms)[0m  [1m[34mSELECT "events".* FROM "events"[0m
  ↳ app/views/events/index.html.erb:11
  Rendered events/index.html.erb within layouts/application (Duration: 5.7ms | Allocations: 1038)
  Rendered layout layouts/application.html.erb (Duration: 13.2ms | Allocations: 3303)
Completed 200 OK in 22ms (Views: 14.2ms | ActiveRecord: 0.7ms | Allocations: 6633)


Started GET "/events/new" for 127.0.0.1 at 2023-05-17 01:10:50 +0200
Processing by EventsController#new as HTML
  Rendering layout layouts/application.html.erb
  Rendering events/new.html.erb within layouts/application
  Rendered events/new.html.erb within layouts/application (Duration: 1.3ms | Allocations: 976)
  Rendered layout layouts/application.html.erb (Duration: 4.8ms | Allocations: 3217)
Completed 200 OK in 6ms (Views: 5.3ms | ActiveRecord: 0.0ms | Allocations: 3534)


Started POST "/events" for 127.0.0.1 at 2023-05-17 01:11:02 +0200
Processing by EventsController#create as TURBO_STREAM
  Parameters: {"authenticity_token"=>"[FILTERED]", "title"=>"Football", "description"=>"fooooot", "start_date"=>"18/07/2023", "duration"=>"60", "price"=>"30", "location"=>"Paris", "commit"=>"Créer un event"}
  Rendering layout layouts/application.html.erb
  Rendering events/new.html.erb within layouts/application
  Rendered events/new.html.erb within layouts/application (Duration: 1.2ms | Allocations: 799)
  Rendered layout layouts/application.html.erb (Duration: 5.1ms | Allocations: 3032)
Completed 200 OK in 15ms (Views: 5.9ms | ActiveRecord: 0.8ms | Allocations: 7003)


Started GET "/" for 127.0.0.1 at 2023-05-17 01:11:03 +0200
Processing by EventsController#index as HTML
  Rendering layout layouts/application.html.erb
  Rendering events/index.html.erb within layouts/application
  [1m[36mEvent Load (0.2ms)[0m  [1m[34mSELECT "events".* FROM "events"[0m
  ↳ app/views/events/index.html.erb:11
  Rendered events/index.html.erb within layouts/application (Duration: 2.7ms | Allocations: 809)
  Rendered layout layouts/application.html.erb (Duration: 10.7ms | Allocations: 3061)
Completed 200 OK in 13ms (Views: 11.4ms | ActiveRecord: 0.2ms | Allocations: 3390)


Started GET "/" for 127.0.0.1 at 2023-05-17 01:13:57 +0200
Processing by EventsController#index as HTML
  Rendering layout layouts/application.html.erb
  Rendering events/index.html.erb within layouts/application
  [1m[36mEvent Load (0.1ms)[0m  [1m[34mSELECT "events".* FROM "events"[0m
  ↳ app/views/events/index.html.erb:11
  Rendered events/index.html.erb within layouts/application (Duration: 1.7ms | Allocations: 817)
  Rendered layout layouts/application.html.erb (Duration: 9.3ms | Allocations: 3069)
Completed 200 OK in 12ms (Views: 10.0ms | ActiveRecord: 0.1ms | Allocations: 3396)


Started GET "/application.css" for 127.0.0.1 at 2023-05-17 01:13:57 +0200
  
ActionController::RoutingError (No route matches [GET] "/application.css"):
  
Started GET "/users/sign_in" for 127.0.0.1 at 2023-05-17 01:13:59 +0200
Processing by Devise::SessionsController#new as HTML
  Rendering layout layouts/application.html.erb
  Rendering /Users/samuel/.rvm/gems/ruby-3.0.0/bundler/gems/devise-4b72064bfcf0/app/views/devise/sessions/new.html.erb within layouts/application
  Rendered /Users/samuel/.rvm/gems/ruby-3.0.0/bundler/gems/devise-4b72064bfcf0/app/views/devise/shared/_links.html.erb (Duration: 0.3ms | Allocations: 161)
  Rendered /Users/samuel/.rvm/gems/ruby-3.0.0/bundler/gems/devise-4b72064bfcf0/app/views/devise/sessions/new.html.erb within layouts/application (Duration: 2.7ms | Allocations: 1312)
  Rendered layout layouts/application.html.erb (Duration: 6.5ms | Allocations: 3635)
Completed 200 OK in 15ms (Views: 8.1ms | ActiveRecord: 0.7ms | Allocations: 7243)


Started GET "/users/sign_up" for 127.0.0.1 at 2023-05-17 01:14:00 +0200
Processing by Devise::RegistrationsController#new as HTML
  Rendering layout layouts/application.html.erb
  Rendering /Users/samuel/.rvm/gems/ruby-3.0.0/bundler/gems/devise-4b72064bfcf0/app/views/devise/registrations/new.html.erb within layouts/application
  Rendered /Users/samuel/.rvm/gems/ruby-3.0.0/bundler/gems/devise-4b72064bfcf0/app/views/devise/shared/_error_messages.html.erb (Duration: 1.4ms | Allocations: 248)
  Rendered /Users/samuel/.rvm/gems/ruby-3.0.0/bundler/gems/devise-4b72064bfcf0/app/views/devise/shared/_links.html.erb (Duration: 0.9ms | Allocations: 101)
  Rendered /Users/samuel/.rvm/gems/ruby-3.0.0/bundler/gems/devise-4b72064bfcf0/app/views/devise/registrations/new.html.erb within layouts/application (Duration: 6.6ms | Allocations: 1989)
  Rendered layout layouts/application.html.erb (Duration: 11.2ms | Allocations: 4307)
Completed 200 OK in 15ms (Views: 13.9ms | ActiveRecord: 0.0ms | Allocations: 5618)


Started GET "/" for 127.0.0.1 at 2023-05-17 01:14:02 +0200
Processing by EventsController#index as HTML
  Rendering layout layouts/application.html.erb
  Rendering events/index.html.erb within layouts/application
  [1m[36mEvent Load (0.3ms)[0m  [1m[34mSELECT "events".* FROM "events"[0m
  ↳ app/views/events/index.html.erb:11
  Rendered events/index.html.erb within layouts/application (Duration: 4.7ms | Allocations: 814)
  Rendered layout layouts/application.html.erb (Duration: 20.2ms | Allocations: 3066)
Completed 200 OK in 24ms (Views: 21.7ms | ActiveRecord: 0.3ms | Allocations: 3396)


